<?xml version='1.0'?>
<ns2:test-suite xmlns:ns2='urn:model.allure.qatools.yandex.ru' start='1601368634769' stop='1601368647780'>
    <name>login page feature test</name>
    <title>login page feature test</title>
    <test-cases>
        <test-case start='1601368634769' status='passed' stop='1601368640886'>
            <name>verify login page title</name>
            <title>verify login page title</title>
            <labels>
                <label name='language' value='javascript'/>
                <label name='framework' value='wdio'/>
                <label name='thread' value='0-0'/>
            </labels>
            <parameters>
                <parameter kind='argument' name='browser' value='chrome-85.0.4183.121'/>
            </parameters>
            <steps/>
            <attachments/>
        </test-case>
        <test-case start='1601368640886' status='failed' stop='1601368645345'>
            <name>verify New Account link</name>
            <title>verify New Account link</title>
            <labels>
                <label name='language' value='javascript'/>
                <label name='framework' value='wdio'/>
                <label name='thread' value='0-0'/>
            </labels>
            <parameters>
                <parameter kind='argument' name='browser' value='chrome-85.0.4183.121'/>
            </parameters>
            <steps/>
            <attachments/>
            <failure>
                <message>sign up link not present: expected true to equal undefined</message>
                <stack-trace>AssertionError: sign up link not present: expected true to equal undefined
                    at Context.&lt;anonymous> (E:\WDIO_POM_Framework\test\login.test.js:20:16)
                    at Context.executeSync (E:\WDIO_POM_Framework\node_modules\@wdio\sync\build\index.js:56:18)
                    at E:\WDIO_POM_Framework\node_modules\@wdio\sync\build\index.js:80:70</stack-trace>
            </failure>
        </test-case>
        <test-case start='1601368645345' status='passed' stop='1601368647779'>
            <name>verify login</name>
            <title>verify login</title>
            <labels>
                <label name='language' value='javascript'/>
                <label name='framework' value='wdio'/>
                <label name='thread' value='0-0'/>
            </labels>
            <parameters>
                <parameter kind='argument' name='browser' value='chrome-85.0.4183.121'/>
            </parameters>
            <steps/>
            <attachments/>
        </test-case>
    </test-cases>
</ns2:test-suite>